2012-09-10 17:21:59 Notice: Notice (8): Undefined index: title in [/home/bato/workspace/github/bedita/bedita-app/tmp/smarty/compile/Documents^bc076e8934831b9d2f31e84269ef248298cd99da.file.form.tpl.php, line 43]
2012-09-10 17:21:59 Notice: Notice (8): Trying to get property of non-object in [/home/bato/workspace/github/bedita/bedita-app/tmp/smarty/compile/Documents^bc076e8934831b9d2f31e84269ef248298cd99da.file.form.tpl.php, line 43]
2012-09-10 17:21:59 Notice: Notice (8): Undefined index: title in [/home/bato/workspace/github/bedita/bedita-app/tmp/smarty/compile/Documents^bc076e8934831b9d2f31e84269ef248298cd99da.file.form.tpl.php, line 47]
2012-09-10 17:21:59 Notice: Notice (8): Trying to get property of non-object in [/home/bato/workspace/github/bedita/bedita-app/tmp/smarty/compile/Documents^bc076e8934831b9d2f31e84269ef248298cd99da.file.form.tpl.php, line 47]
2012-09-10 17:23:40 Notice: Notice (8): Undefined index: title in [/home/bato/workspace/github/bedita/bedita-app/tmp/smarty/compile/Documents^bc076e8934831b9d2f31e84269ef248298cd99da.file.form.tpl.php, line 64]
2012-09-10 17:23:40 Notice: Notice (8): Trying to get property of non-object in [/home/bato/workspace/github/bedita/bedita-app/tmp/smarty/compile/Documents^bc076e8934831b9d2f31e84269ef248298cd99da.file.form.tpl.php, line 64]
2012-09-10 17:23:56 Notice: Notice (8): Undefined index: title in [/home/bato/workspace/github/bedita/bedita-app/tmp/smarty/compile/Documents^bc076e8934831b9d2f31e84269ef248298cd99da.file.form.tpl.php, line 65]
2012-09-10 17:23:56 Notice: Notice (8): Trying to get property of non-object in [/home/bato/workspace/github/bedita/bedita-app/tmp/smarty/compile/Documents^bc076e8934831b9d2f31e84269ef248298cd99da.file.form.tpl.php, line 65]
2012-09-10 17:23:56 Notice: Notice (8): Undefined index: relation in [/home/bato/workspace/github/bedita/bedita-app/tmp/smarty/compile/Documents^bc076e8934831b9d2f31e84269ef248298cd99da.file.form.tpl.php, line 67]
2012-09-10 17:23:56 Notice: Notice (8): Trying to get property of non-object in [/home/bato/workspace/github/bedita/bedita-app/tmp/smarty/compile/Documents^bc076e8934831b9d2f31e84269ef248298cd99da.file.form.tpl.php, line 67]
2012-09-10 17:26:47 Notice: Notice (8): Undefined index: title in [/home/bato/workspace/github/bedita/bedita-app/tmp/smarty/compile/Documents^bc076e8934831b9d2f31e84269ef248298cd99da.file.form.tpl.php, line 65]
2012-09-10 17:26:48 Notice: Notice (8): Trying to get property of non-object in [/home/bato/workspace/github/bedita/bedita-app/tmp/smarty/compile/Documents^bc076e8934831b9d2f31e84269ef248298cd99da.file.form.tpl.php, line 65]
2012-09-10 17:26:48 Notice: Notice (8): Undefined index: relation in [/home/bato/workspace/github/bedita/bedita-app/tmp/smarty/compile/Documents^bc076e8934831b9d2f31e84269ef248298cd99da.file.form.tpl.php, line 67]
2012-09-10 17:26:48 Notice: Notice (8): Trying to get property of non-object in [/home/bato/workspace/github/bedita/bedita-app/tmp/smarty/compile/Documents^bc076e8934831b9d2f31e84269ef248298cd99da.file.form.tpl.php, line 67]
2012-09-10 17:27:51 Notice: Notice (8): Undefined index: title in [/home/bato/workspace/github/bedita/bedita-app/tmp/smarty/compile/Documents^bc076e8934831b9d2f31e84269ef248298cd99da.file.form.tpl.php, line 65]
2012-09-10 17:27:51 Notice: Notice (8): Trying to get property of non-object in [/home/bato/workspace/github/bedita/bedita-app/tmp/smarty/compile/Documents^bc076e8934831b9d2f31e84269ef248298cd99da.file.form.tpl.php, line 65]
2012-09-10 17:27:51 Notice: Notice (8): Undefined index: relation in [/home/bato/workspace/github/bedita/bedita-app/tmp/smarty/compile/Documents^bc076e8934831b9d2f31e84269ef248298cd99da.file.form.tpl.php, line 67]
2012-09-10 17:27:51 Notice: Notice (8): Trying to get property of non-object in [/home/bato/workspace/github/bedita/bedita-app/tmp/smarty/compile/Documents^bc076e8934831b9d2f31e84269ef248298cd99da.file.form.tpl.php, line 67]
2012-09-10 17:28:31 Notice: Notice (8): Undefined index: title in [/home/bato/workspace/github/bedita/bedita-app/tmp/smarty/compile/Documents^bc076e8934831b9d2f31e84269ef248298cd99da.file.form.tpl.php, line 65]
2012-09-10 17:28:31 Notice: Notice (8): Trying to get property of non-object in [/home/bato/workspace/github/bedita/bedita-app/tmp/smarty/compile/Documents^bc076e8934831b9d2f31e84269ef248298cd99da.file.form.tpl.php, line 65]
2012-09-10 17:28:31 Notice: Notice (8): Undefined index: relation in [/home/bato/workspace/github/bedita/bedita-app/tmp/smarty/compile/Documents^bc076e8934831b9d2f31e84269ef248298cd99da.file.form.tpl.php, line 67]
2012-09-10 17:28:31 Notice: Notice (8): Trying to get property of non-object in [/home/bato/workspace/github/bedita/bedita-app/tmp/smarty/compile/Documents^bc076e8934831b9d2f31e84269ef248298cd99da.file.form.tpl.php, line 67]
2012-09-10 17:28:45 Notice: Notice (8): Undefined index: title in [/home/bato/workspace/github/bedita/bedita-app/tmp/smarty/compile/Documents^bc076e8934831b9d2f31e84269ef248298cd99da.file.form.tpl.php, line 65]
2012-09-10 17:28:45 Notice: Notice (8): Trying to get property of non-object in [/home/bato/workspace/github/bedita/bedita-app/tmp/smarty/compile/Documents^bc076e8934831b9d2f31e84269ef248298cd99da.file.form.tpl.php, line 65]
2012-09-10 17:28:45 Notice: Notice (8): Undefined index: relation in [/home/bato/workspace/github/bedita/bedita-app/tmp/smarty/compile/Documents^bc076e8934831b9d2f31e84269ef248298cd99da.file.form.tpl.php, line 67]
2012-09-10 17:28:45 Notice: Notice (8): Trying to get property of non-object in [/home/bato/workspace/github/bedita/bedita-app/tmp/smarty/compile/Documents^bc076e8934831b9d2f31e84269ef248298cd99da.file.form.tpl.php, line 67]
2012-09-10 17:31:10 Notice: Notice (8): Undefined index: title in [/home/bato/workspace/github/bedita/bedita-app/tmp/smarty/compile/Documents^bc076e8934831b9d2f31e84269ef248298cd99da.file.form.tpl.php, line 65]
2012-09-10 17:31:10 Notice: Notice (8): Trying to get property of non-object in [/home/bato/workspace/github/bedita/bedita-app/tmp/smarty/compile/Documents^bc076e8934831b9d2f31e84269ef248298cd99da.file.form.tpl.php, line 65]
2012-09-10 17:31:10 Notice: Notice (8): Undefined index: relation in [/home/bato/workspace/github/bedita/bedita-app/tmp/smarty/compile/Documents^bc076e8934831b9d2f31e84269ef248298cd99da.file.form.tpl.php, line 67]
2012-09-10 17:31:10 Notice: Notice (8): Trying to get property of non-object in [/home/bato/workspace/github/bedita/bedita-app/tmp/smarty/compile/Documents^bc076e8934831b9d2f31e84269ef248298cd99da.file.form.tpl.php, line 67]
2012-09-10 17:32:01 Notice: Notice (8): Undefined index: title in [/home/bato/workspace/github/bedita/bedita-app/tmp/smarty/compile/Documents^bc076e8934831b9d2f31e84269ef248298cd99da.file.form.tpl.php, line 65]
2012-09-10 17:32:01 Notice: Notice (8): Trying to get property of non-object in [/home/bato/workspace/github/bedita/bedita-app/tmp/smarty/compile/Documents^bc076e8934831b9d2f31e84269ef248298cd99da.file.form.tpl.php, line 65]
2012-09-10 17:32:01 Notice: Notice (8): Undefined index: relation in [/home/bato/workspace/github/bedita/bedita-app/tmp/smarty/compile/Documents^bc076e8934831b9d2f31e84269ef248298cd99da.file.form.tpl.php, line 67]
2012-09-10 17:32:01 Notice: Notice (8): Trying to get property of non-object in [/home/bato/workspace/github/bedita/bedita-app/tmp/smarty/compile/Documents^bc076e8934831b9d2f31e84269ef248298cd99da.file.form.tpl.php, line 67]
2012-09-10 17:39:03 Notice: Notice (8): Undefined property: Smarty_Variable::$unset in [/home/bato/workspace/github/bedita/bedita-app/tmp/smarty/compile/Documents^1158f17ae2833b85ea1536ba5d47394aba97c068.file.form_file_list.tpl.php, line 500]
2012-09-10 17:39:03 Notice: Notice (8): Undefined property: Smarty_Variable::$unset in [/home/bato/workspace/github/bedita/bedita-app/tmp/smarty/compile/Documents^1158f17ae2833b85ea1536ba5d47394aba97c068.file.form_file_list.tpl.php, line 502]
2012-09-10 17:39:03 Notice: Notice (8): Undefined property: Smarty_Variable::$unset in [/home/bato/workspace/github/bedita/bedita-app/tmp/smarty/compile/Documents^1158f17ae2833b85ea1536ba5d47394aba97c068.file.form_file_list.tpl.php, line 504]
2012-09-10 17:39:03 Notice: Notice (8): Undefined property: Smarty_Variable::$unset in [/home/bato/workspace/github/bedita/bedita-app/tmp/smarty/compile/Documents^1158f17ae2833b85ea1536ba5d47394aba97c068.file.form_file_list.tpl.php, line 506]
2012-09-10 17:39:03 Notice: Notice (8): Undefined index: title in [/home/bato/workspace/github/bedita/bedita-app/tmp/smarty/compile/Documents^bc076e8934831b9d2f31e84269ef248298cd99da.file.form.tpl.php, line 65]
2012-09-10 17:39:03 Notice: Notice (8): Trying to get property of non-object in [/home/bato/workspace/github/bedita/bedita-app/tmp/smarty/compile/Documents^bc076e8934831b9d2f31e84269ef248298cd99da.file.form.tpl.php, line 65]
2012-09-10 17:39:03 Notice: Notice (8): Undefined index: relation in [/home/bato/workspace/github/bedita/bedita-app/tmp/smarty/compile/Documents^bc076e8934831b9d2f31e84269ef248298cd99da.file.form.tpl.php, line 67]
2012-09-10 17:39:03 Notice: Notice (8): Trying to get property of non-object in [/home/bato/workspace/github/bedita/bedita-app/tmp/smarty/compile/Documents^bc076e8934831b9d2f31e84269ef248298cd99da.file.form.tpl.php, line 67]
2012-09-10 17:40:54 Notice: Notice (8): Undefined index: title in [/home/bato/workspace/github/bedita/bedita-app/tmp/smarty/compile/Documents^bc076e8934831b9d2f31e84269ef248298cd99da.file.form.tpl.php, line 65]
2012-09-10 17:40:54 Notice: Notice (8): Trying to get property of non-object in [/home/bato/workspace/github/bedita/bedita-app/tmp/smarty/compile/Documents^bc076e8934831b9d2f31e84269ef248298cd99da.file.form.tpl.php, line 65]
2012-09-10 17:40:54 Notice: Notice (8): Undefined index: relation in [/home/bato/workspace/github/bedita/bedita-app/tmp/smarty/compile/Documents^bc076e8934831b9d2f31e84269ef248298cd99da.file.form.tpl.php, line 67]
2012-09-10 17:40:54 Notice: Notice (8): Trying to get property of non-object in [/home/bato/workspace/github/bedita/bedita-app/tmp/smarty/compile/Documents^bc076e8934831b9d2f31e84269ef248298cd99da.file.form.tpl.php, line 67]
2012-09-10 18:03:42 Notice: Notice (8): Undefined index: title in [/home/bato/workspace/github/bedita/bedita-app/tmp/smarty/compile/Documents^bc076e8934831b9d2f31e84269ef248298cd99da.file.form.tpl.php, line 65]
2012-09-10 18:03:42 Notice: Notice (8): Trying to get property of non-object in [/home/bato/workspace/github/bedita/bedita-app/tmp/smarty/compile/Documents^bc076e8934831b9d2f31e84269ef248298cd99da.file.form.tpl.php, line 65]
2012-09-10 18:03:42 Notice: Notice (8): Undefined index: relation in [/home/bato/workspace/github/bedita/bedita-app/tmp/smarty/compile/Documents^bc076e8934831b9d2f31e84269ef248298cd99da.file.form.tpl.php, line 67]
2012-09-10 18:03:42 Notice: Notice (8): Trying to get property of non-object in [/home/bato/workspace/github/bedita/bedita-app/tmp/smarty/compile/Documents^bc076e8934831b9d2f31e84269ef248298cd99da.file.form.tpl.php, line 67]
2012-09-10 18:04:01 Notice: Notice (8): Undefined index: title in [/home/bato/workspace/github/bedita/bedita-app/tmp/smarty/compile/Documents^bc076e8934831b9d2f31e84269ef248298cd99da.file.form.tpl.php, line 65]
2012-09-10 18:04:01 Notice: Notice (8): Trying to get property of non-object in [/home/bato/workspace/github/bedita/bedita-app/tmp/smarty/compile/Documents^bc076e8934831b9d2f31e84269ef248298cd99da.file.form.tpl.php, line 65]
2012-09-10 18:04:01 Notice: Notice (8): Undefined index: relation in [/home/bato/workspace/github/bedita/bedita-app/tmp/smarty/compile/Documents^bc076e8934831b9d2f31e84269ef248298cd99da.file.form.tpl.php, line 67]
2012-09-10 18:04:01 Notice: Notice (8): Trying to get property of non-object in [/home/bato/workspace/github/bedita/bedita-app/tmp/smarty/compile/Documents^bc076e8934831b9d2f31e84269ef248298cd99da.file.form.tpl.php, line 67]
2012-09-10 18:05:08 Notice: Notice (8): Undefined index: title in [/home/bato/workspace/github/bedita/bedita-app/tmp/smarty/compile/Documents^bc076e8934831b9d2f31e84269ef248298cd99da.file.form.tpl.php, line 65]
2012-09-10 18:05:08 Notice: Notice (8): Trying to get property of non-object in [/home/bato/workspace/github/bedita/bedita-app/tmp/smarty/compile/Documents^bc076e8934831b9d2f31e84269ef248298cd99da.file.form.tpl.php, line 65]
2012-09-10 18:05:08 Notice: Notice (8): Undefined index: relation in [/home/bato/workspace/github/bedita/bedita-app/tmp/smarty/compile/Documents^bc076e8934831b9d2f31e84269ef248298cd99da.file.form.tpl.php, line 67]
2012-09-10 18:05:08 Notice: Notice (8): Trying to get property of non-object in [/home/bato/workspace/github/bedita/bedita-app/tmp/smarty/compile/Documents^bc076e8934831b9d2f31e84269ef248298cd99da.file.form.tpl.php, line 67]
2012-09-10 18:05:08 Notice: Notice (8): Undefined index: relation in [/home/bato/workspace/github/bedita/bedita-app/tmp/smarty/compile/Documents^5b7a2f7ee94e3d7d2d4eb5ff06a36c4dc5dbcff5.file.form_geotag.tpl.php, line 84]
2012-09-10 18:05:08 Notice: Notice (8): Trying to get property of non-object in [/home/bato/workspace/github/bedita/bedita-app/tmp/smarty/compile/Documents^5b7a2f7ee94e3d7d2d4eb5ff06a36c4dc5dbcff5.file.form_geotag.tpl.php, line 84]
2012-09-10 18:05:31 Notice: Notice (8): Undefined index: relation in [/home/bato/workspace/github/bedita/bedita-app/tmp/smarty/compile/Documents^5b7a2f7ee94e3d7d2d4eb5ff06a36c4dc5dbcff5.file.form_geotag.tpl.php, line 84]
2012-09-10 18:05:31 Notice: Notice (8): Trying to get property of non-object in [/home/bato/workspace/github/bedita/bedita-app/tmp/smarty/compile/Documents^5b7a2f7ee94e3d7d2d4eb5ff06a36c4dc5dbcff5.file.form_geotag.tpl.php, line 84]
2012-09-11 10:31:23 Notice: Notice (8): Undefined index: GPS in [/home/bato/workspace/github/bedita/bedita-app/tmp/smarty/compile/Multimedia^7a72f517764565314b3e2b94c07018518b01d857.file.form_file_exif.tpl.php, line 106]
2012-09-11 10:31:23 Notice: Notice (8): Undefined index: GPS in [/home/bato/workspace/github/bedita/bedita-app/tmp/smarty/compile/Multimedia^7a72f517764565314b3e2b94c07018518b01d857.file.form_file_exif.tpl.php, line 114]
2012-09-11 10:31:54 Notice: Notice (8): Undefined index: GPS in [/home/bato/workspace/github/bedita/bedita-app/tmp/smarty/compile/Multimedia^7a72f517764565314b3e2b94c07018518b01d857.file.form_file_exif.tpl.php, line 106]
2012-09-11 10:31:54 Notice: Notice (8): Undefined index: GPS in [/home/bato/workspace/github/bedita/bedita-app/tmp/smarty/compile/Multimedia^7a72f517764565314b3e2b94c07018518b01d857.file.form_file_exif.tpl.php, line 114]
2012-09-17 12:34:14 Notice: Notice (8): Undefined index: beurl in [/home/bato/workspace/github/bedita/bedita-app/tmp/smarty/compile/^fea9225a945ff4accfc1f1cb6402f7eb64f6026c.file.error.tpl.php, line 61]
2012-09-17 12:34:14 Notice: Notice (8): Trying to get property of non-object in [/home/bato/workspace/github/bedita/bedita-app/tmp/smarty/compile/^fea9225a945ff4accfc1f1cb6402f7eb64f6026c.file.error.tpl.php, line 61]
2012-09-26 16:37:02 Notice: Notice (8): Undefined index: GPS in [/home/bato/workspace/github/bedita/bedita-app/tmp/smarty/compile/Multimedia^7a72f517764565314b3e2b94c07018518b01d857.file.form_file_exif.tpl.php, line 106]
2012-09-26 16:37:02 Notice: Notice (8): Undefined index: GPS in [/home/bato/workspace/github/bedita/bedita-app/tmp/smarty/compile/Multimedia^7a72f517764565314b3e2b94c07018518b01d857.file.form_file_exif.tpl.php, line 114]
2012-09-26 16:37:23 Notice: Notice (8): Undefined index: GPS in [/home/bato/workspace/github/bedita/bedita-app/tmp/smarty/compile/Multimedia^7a72f517764565314b3e2b94c07018518b01d857.file.form_file_exif.tpl.php, line 106]
2012-09-26 16:37:23 Notice: Notice (8): Undefined index: GPS in [/home/bato/workspace/github/bedita/bedita-app/tmp/smarty/compile/Multimedia^7a72f517764565314b3e2b94c07018518b01d857.file.form_file_exif.tpl.php, line 114]
2012-09-26 16:38:00 Notice: Notice (8): Undefined index: GPS in [/home/bato/workspace/github/bedita/bedita-app/tmp/smarty/compile/Multimedia^7a72f517764565314b3e2b94c07018518b01d857.file.form_file_exif.tpl.php, line 106]
2012-09-26 16:38:00 Notice: Notice (8): Undefined index: GPS in [/home/bato/workspace/github/bedita/bedita-app/tmp/smarty/compile/Multimedia^7a72f517764565314b3e2b94c07018518b01d857.file.form_file_exif.tpl.php, line 114]
